<?xml version="1.0" encoding="UTF-8"?>
<!-- Generated by org.testng.reporters.JUnitXMLReporter -->
<testsuite hostname="ALIPL1537" ignored="0" name="Accessibility TEST" tests="1" failures="1" timestamp="21 Feb 2023 16:13:18 GMT" time="13.078" errors="0">
  <testcase name="test" time="9.681" classname="com.project.home.AccesibiltyTest">
    <failure type="java.lang.AssertionError" message="The following asserts failed:
	Test Failed Cause Of Accessibility Checks Failure. Please Click Links above To Get Into Details Of Failures expected [true] but found [false]">
      <![CDATA[java.lang.AssertionError: The following asserts failed:
Test Failed Cause Of Accessibility Checks Failure. Please Click Links above To Get Into Details Of Failures expected [true] but found [false]
at com.project.home.AccesibiltyTest.test(AccesibiltyTest.java:25)
... Removed 30 stack frames]]>
    </failure>
  </testcase> <!-- test -->
</testsuite> <!-- Accessibility TEST -->
