<?xml version="1.0" encoding="UTF-8"?>
<testng-results skipped="0" failed="1" ignored="0" total="1" passed="0">
  <reporter-output>
  </reporter-output>
  <suite name="Accessibility Test Suite" duration-ms="15243" started-at="2023-02-21T16:55:01Z" finished-at="2023-02-21T16:55:16Z">
    <groups>
    </groups>
    <test name="Accessibility TEST" duration-ms="15243" started-at="2023-02-21T16:55:01Z" finished-at="2023-02-21T16:55:16Z">
      <class name="com.project.home.AccesibiltyTest">
        <test-method status="PASS" signature="startAppiumServer(java.lang.String, java.lang.String)[pri:0, instance:com.project.home.AccesibiltyTest@d816dde]" name="startAppiumServer" is-config="true" duration-ms="53" started-at="2023-02-21T16:55:01Z" finished-at="2023-02-21T16:55:01Z">
          <params>
            <param index="0">
              <value>
                <![CDATA[web]]>
              </value>
            </param>
            <param index="1">
              <value>
                <![CDATA[chrome]]>
              </value>
            </param>
          </params>
          <reporter-output>
          </reporter-output>
        </test-method> <!-- startAppiumServer -->
        <test-method status="PASS" signature="setupDriver(java.lang.String, java.lang.String, java.lang.String, java.lang.String, java.lang.String)[pri:0, instance:com.project.home.AccesibiltyTest@d816dde]" name="setupDriver" is-config="true" duration-ms="2363" started-at="2023-02-21T16:55:01Z" finished-at="2023-02-21T16:55:03Z">
          <params>
            <param index="0">
              <value>
                <![CDATA[web]]>
              </value>
            </param>
            <param index="1">
              <value>
                <![CDATA[chrome]]>
              </value>
            </param>
            <param index="2">
              <value is-null="true"/>
            </param>
            <param index="3">
              <value is-null="true"/>
            </param>
            <param index="4">
              <value>
                <![CDATA[critical]]>
              </value>
            </param>
          </params>
          <reporter-output>
          </reporter-output>
        </test-method> <!-- setupDriver -->
        <test-method status="FAIL" signature="test()[pri:0, instance:com.project.home.AccesibiltyTest@d816dde]" name="test" duration-ms="11694" started-at="2023-02-21T16:55:04Z" finished-at="2023-02-21T16:55:15Z">
          <exception class="java.lang.AssertionError">
            <message>
              <![CDATA[The following asserts failed:
Test Failed Cause Of Accessibility Checks Failure. Please Click Links above To Get Into Details Of Failures expected [true] but found [false]]]>
            </message>
            <full-stacktrace>
              <![CDATA[java.lang.AssertionError: The following asserts failed:
Test Failed Cause Of Accessibility Checks Failure. Please Click Links above To Get Into Details Of Failures expected [true] but found [false]
at org.testng.asserts.SoftAssert.assertAll(SoftAssert.java:43)
at com.project.home.AccesibiltyTest.test(AccesibiltyTest.java:25)
at sun.reflect.NativeMethodAccessorImpl.invoke0(Native Method)
at sun.reflect.NativeMethodAccessorImpl.invoke(NativeMethodAccessorImpl.java:62)
at sun.reflect.DelegatingMethodAccessorImpl.invoke(DelegatingMethodAccessorImpl.java:43)
at java.lang.reflect.Method.invoke(Method.java:498)
at org.testng.internal.MethodInvocationHelper.invokeMethod(MethodInvocationHelper.java:124)
at org.testng.internal.Invoker.invokeMethod(Invoker.java:583)
at org.testng.internal.Invoker.invokeTestMethod(Invoker.java:719)
at org.testng.internal.Invoker.invokeTestMethods(Invoker.java:989)
at org.testng.internal.TestMethodWorker.invokeTestMethods(TestMethodWorker.java:125)
at org.testng.internal.TestMethodWorker.run(TestMethodWorker.java:109)
at org.testng.TestRunner.privateRun(TestRunner.java:648)
at org.testng.TestRunner.run(TestRunner.java:505)
at org.testng.SuiteRunner.runTest(SuiteRunner.java:455)
at org.testng.SuiteRunner.runSequentially(SuiteRunner.java:450)
at org.testng.SuiteRunner.privateRun(SuiteRunner.java:415)
at org.testng.SuiteRunner.run(SuiteRunner.java:364)
at org.testng.SuiteRunnerWorker.runSuite(SuiteRunnerWorker.java:52)
at org.testng.SuiteRunnerWorker.run(SuiteRunnerWorker.java:84)
at org.testng.TestNG.runSuitesSequentially(TestNG.java:1208)
at org.testng.TestNG.runSuitesLocally(TestNG.java:1137)
at org.testng.TestNG.runSuites(TestNG.java:1049)
at org.testng.TestNG.run(TestNG.java:1017)
at org.apache.maven.surefire.testng.TestNGExecutor.run(TestNGExecutor.java:283)
at org.apache.maven.surefire.testng.TestNGXmlTestSuite.execute(TestNGXmlTestSuite.java:75)
at org.apache.maven.surefire.testng.TestNGProvider.invoke(TestNGProvider.java:120)
at org.apache.maven.surefire.booter.ForkedBooter.invokeProviderInSameClassLoader(ForkedBooter.java:384)
at org.apache.maven.surefire.booter.ForkedBooter.runSuitesInProcess(ForkedBooter.java:345)
at org.apache.maven.surefire.booter.ForkedBooter.execute(ForkedBooter.java:126)
at org.apache.maven.surefire.booter.ForkedBooter.main(ForkedBooter.java:418)
]]>
            </full-stacktrace>
          </exception> <!-- java.lang.AssertionError -->
          <reporter-output>
          </reporter-output>
        </test-method> <!-- test -->
        <test-method status="PASS" signature="teardownDriver()[pri:0, instance:com.project.home.AccesibiltyTest@d816dde]" name="teardownDriver" is-config="true" duration-ms="677" started-at="2023-02-21T16:55:16Z" finished-at="2023-02-21T16:55:16Z">
          <reporter-output>
          </reporter-output>
        </test-method> <!-- teardownDriver -->
        <test-method status="PASS" signature="stopAppiumServer(java.lang.String, java.lang.String)[pri:0, instance:com.project.home.AccesibiltyTest@d816dde]" name="stopAppiumServer" is-config="true" duration-ms="0" started-at="2023-02-21T16:55:16Z" finished-at="2023-02-21T16:55:16Z">
          <params>
            <param index="0">
              <value>
                <![CDATA[web]]>
              </value>
            </param>
            <param index="1">
              <value>
                <![CDATA[chrome]]>
              </value>
            </param>
          </params>
          <reporter-output>
          </reporter-output>
        </test-method> <!-- stopAppiumServer -->
      </class> <!-- com.project.home.AccesibiltyTest -->
    </test> <!-- Accessibility TEST -->
  </suite> <!-- Accessibility Test Suite -->
</testng-results>
